{"C:\\Dan\\git_repositories\\seng302_team6_project\\team-6\\frontend\\src\\Api.js": {"path":"C:\\Dan\\git_repositories\\seng302_team6_project\\team-6\\frontend\\src\\Api.js","statementMap":{"0":{"start":{"line":33,"column":19},"end":{"line":33,"column":49}},"1":{"start":{"line":35,"column":17},"end":{"line":38,"column":2}},"2":{"start":{"line":43,"column":18},"end":{"line":150,"column":3}},"3":{"start":{"line":153,"column":4},"end":{"line":164,"column":5}},"4":{"start":{"line":173,"column":24},"end":{"line":173,"column":114}},"5":{"start":{"line":175,"column":31},"end":{"line":175,"column":72}},"6":{"start":{"line":179,"column":4},"end":{"line":181,"column":6}}},"fnMap":{"0":{"name":"(anonymous_0)","decl":{"start":{"line":152,"column":2},"end":{"line":152,"column":3}},"loc":{"start":{"line":152,"column":120},"end":{"line":166,"column":3}},"line":152},"1":{"name":"(anonymous_1)","decl":{"start":{"line":173,"column":14},"end":{"line":173,"column":15}},"loc":{"start":{"line":173,"column":24},"end":{"line":173,"column":114}},"line":173},"2":{"name":"(anonymous_2)","decl":{"start":{"line":175,"column":10},"end":{"line":175,"column":11}},"loc":{"start":{"line":175,"column":31},"end":{"line":175,"column":72}},"line":175},"3":{"name":"(anonymous_3)","decl":{"start":{"line":177,"column":11},"end":{"line":177,"column":12}},"loc":{"start":{"line":177,"column":23},"end":{"line":182,"column":3}},"line":177}},"branchMap":{},"s":{"0":1,"1":1,"2":1,"3":0,"4":0,"5":0,"6":0},"f":{"0":0,"1":0,"2":0,"3":0},"b":{},"_coverageSchema":"1a1c01bbd47fc00a2c39e90264f33305004495a9","hash":"8449cb3d54550f20f156766d5331718323083c02"}
,"C:\\Dan\\git_repositories\\seng302_team6_project\\team-6\\frontend\\src\\addressInstance.js": {"path":"C:\\Dan\\git_repositories\\seng302_team6_project\\team-6\\frontend\\src\\addressInstance.js","statementMap":{"0":{"start":{"line":3,"column":24},"end":{"line":6,"column":2}},"1":{"start":{"line":10,"column":8},"end":{"line":10,"column":50}}},"fnMap":{"0":{"name":"(anonymous_0)","decl":{"start":{"line":9,"column":18},"end":{"line":9,"column":19}},"loc":{"start":{"line":9,"column":29},"end":{"line":11,"column":5}},"line":9}},"branchMap":{},"s":{"0":1,"1":0},"f":{"0":0},"b":{},"_coverageSchema":"1a1c01bbd47fc00a2c39e90264f33305004495a9","hash":"9a2a314085a85f0a91f3ffdb24352feb1cc5ead0"}
,"C:\\Dan\\git_repositories\\seng302_team6_project\\team-6\\frontend\\src\\views\\Registration.vue": {"path":"C:\\Dan\\git_repositories\\seng302_team6_project\\team-6\\frontend\\src\\views\\Registration.vue","statementMap":{"0":{"start":{"line":240,"column":0},"end":{"line":240,"column":null}},"1":{"start":{"line":241,"column":0},"end":{"line":241,"column":null}},"2":{"start":{"line":242,"column":0},"end":{"line":242,"column":null}},"3":{"start":{"line":250,"column":0},"end":{"line":250,"column":null}},"4":{"start":{"line":335,"column":0},"end":{"line":343,"column":null}},"5":{"start":{"line":336,"column":0},"end":{"line":336,"column":null}},"6":{"start":{"line":356,"column":0},"end":{"line":356,"column":null}},"7":{"start":{"line":357,"column":0},"end":{"line":359,"column":null}},"8":{"start":{"line":358,"column":0},"end":{"line":358,"column":null}},"9":{"start":{"line":360,"column":0},"end":{"line":360,"column":null}},"10":{"start":{"line":370,"column":0},"end":{"line":374,"column":null}},"11":{"start":{"line":371,"column":0},"end":{"line":371,"column":null}},"12":{"start":{"line":373,"column":0},"end":{"line":373,"column":null}},"13":{"start":{"line":386,"column":0},"end":{"line":386,"column":null}},"14":{"start":{"line":387,"column":0},"end":{"line":389,"column":null}},"15":{"start":{"line":388,"column":0},"end":{"line":388,"column":null}},"16":{"start":{"line":390,"column":0},"end":{"line":390,"column":null}},"17":{"start":{"line":402,"column":0},"end":{"line":402,"column":null}},"18":{"start":{"line":415,"column":0},"end":{"line":415,"column":null}},"19":{"start":{"line":417,"column":0},"end":{"line":426,"column":null}},"20":{"start":{"line":418,"column":0},"end":{"line":418,"column":null}},"21":{"start":{"line":419,"column":0},"end":{"line":419,"column":null}},"22":{"start":{"line":425,"column":0},"end":{"line":425,"column":null}},"23":{"start":{"line":438,"column":0},"end":{"line":438,"column":null}},"24":{"start":{"line":439,"column":0},"end":{"line":439,"column":null}},"25":{"start":{"line":440,"column":0},"end":{"line":440,"column":null}},"26":{"start":{"line":442,"column":0},"end":{"line":448,"column":null}},"27":{"start":{"line":443,"column":0},"end":{"line":443,"column":null}},"28":{"start":{"line":444,"column":0},"end":{"line":447,"column":null}},"29":{"start":{"line":445,"column":0},"end":{"line":445,"column":null}},"30":{"start":{"line":446,"column":0},"end":{"line":446,"column":null}},"31":{"start":{"line":449,"column":0},"end":{"line":449,"column":null}},"32":{"start":{"line":458,"column":0},"end":{"line":458,"column":null}},"33":{"start":{"line":459,"column":0},"end":{"line":459,"column":null}},"34":{"start":{"line":461,"column":0},"end":{"line":461,"column":null}},"35":{"start":{"line":463,"column":0},"end":{"line":463,"column":null}},"36":{"start":{"line":464,"column":0},"end":{"line":464,"column":null}},"37":{"start":{"line":465,"column":0},"end":{"line":465,"column":null}},"38":{"start":{"line":467,"column":0},"end":{"line":469,"column":null}},"39":{"start":{"line":468,"column":0},"end":{"line":468,"column":null}},"40":{"start":{"line":471,"column":0},"end":{"line":473,"column":null}},"41":{"start":{"line":472,"column":0},"end":{"line":472,"column":null}},"42":{"start":{"line":475,"column":0},"end":{"line":475,"column":null}},"43":{"start":{"line":492,"column":0},"end":{"line":492,"column":null}},"44":{"start":{"line":493,"column":0},"end":{"line":500,"column":null}},"45":{"start":{"line":494,"column":0},"end":{"line":494,"column":null}},"46":{"start":{"line":495,"column":0},"end":{"line":500,"column":null}},"47":{"start":{"line":497,"column":0},"end":{"line":497,"column":null}},"48":{"start":{"line":498,"column":0},"end":{"line":500,"column":null}},"49":{"start":{"line":499,"column":0},"end":{"line":499,"column":null}},"50":{"start":{"line":501,"column":0},"end":{"line":501,"column":null}},"51":{"start":{"line":508,"column":0},"end":{"line":508,"column":null}},"52":{"start":{"line":509,"column":0},"end":{"line":509,"column":null}},"53":{"start":{"line":510,"column":0},"end":{"line":510,"column":null}},"54":{"start":{"line":511,"column":0},"end":{"line":511,"column":null}},"55":{"start":{"line":512,"column":0},"end":{"line":512,"column":null}},"56":{"start":{"line":513,"column":0},"end":{"line":513,"column":null}},"57":{"start":{"line":514,"column":0},"end":{"line":514,"column":null}},"58":{"start":{"line":515,"column":0},"end":{"line":515,"column":null}},"59":{"start":{"line":516,"column":0},"end":{"line":516,"column":null}},"60":{"start":{"line":525,"column":0},"end":{"line":525,"column":null}},"61":{"start":{"line":526,"column":0},"end":{"line":526,"column":null}},"62":{"start":{"line":527,"column":0},"end":{"line":527,"column":null}},"63":{"start":{"line":533,"column":0},"end":{"line":533,"column":null}},"64":{"start":{"line":541,"column":0},"end":{"line":543,"column":null}},"65":{"start":{"line":542,"column":0},"end":{"line":542,"column":null}},"66":{"start":{"line":546,"column":0},"end":{"line":546,"column":null}},"67":{"start":{"line":554,"column":0},"end":{"line":556,"column":null}},"68":{"start":{"line":555,"column":0},"end":{"line":555,"column":null}},"69":{"start":{"line":559,"column":0},"end":{"line":559,"column":null}},"70":{"start":{"line":567,"column":0},"end":{"line":569,"column":null}},"71":{"start":{"line":568,"column":0},"end":{"line":568,"column":null}},"72":{"start":{"line":572,"column":0},"end":{"line":572,"column":null}},"73":{"start":{"line":580,"column":0},"end":{"line":582,"column":null}},"74":{"start":{"line":581,"column":0},"end":{"line":581,"column":null}},"75":{"start":{"line":585,"column":0},"end":{"line":585,"column":null}},"76":{"start":{"line":591,"column":0},"end":{"line":593,"column":null}},"77":{"start":{"line":592,"column":0},"end":{"line":592,"column":null}},"78":{"start":{"line":596,"column":0},"end":{"line":596,"column":null}},"79":{"start":{"line":604,"column":0},"end":{"line":606,"column":null}},"80":{"start":{"line":605,"column":0},"end":{"line":605,"column":null}},"81":{"start":{"line":609,"column":0},"end":{"line":609,"column":null}},"82":{"start":{"line":610,"column":0},"end":{"line":617,"column":null}},"83":{"start":{"line":611,"column":0},"end":{"line":611,"column":null}},"84":{"start":{"line":612,"column":0},"end":{"line":617,"column":null}},"85":{"start":{"line":613,"column":0},"end":{"line":613,"column":null}},"86":{"start":{"line":615,"column":0},"end":{"line":615,"column":null}},"87":{"start":{"line":616,"column":0},"end":{"line":616,"column":null}},"88":{"start":{"line":620,"column":0},"end":{"line":620,"column":null}},"89":{"start":{"line":628,"column":0},"end":{"line":630,"column":null}},"90":{"start":{"line":629,"column":0},"end":{"line":629,"column":null}},"91":{"start":{"line":633,"column":0},"end":{"line":637,"column":null}},"92":{"start":{"line":634,"column":0},"end":{"line":634,"column":null}},"93":{"start":{"line":636,"column":0},"end":{"line":636,"column":null}},"94":{"start":{"line":638,"column":0},"end":{"line":640,"column":null}},"95":{"start":{"line":639,"column":0},"end":{"line":639,"column":null}},"96":{"start":{"line":643,"column":0},"end":{"line":643,"column":null}},"97":{"start":{"line":651,"column":0},"end":{"line":653,"column":null}},"98":{"start":{"line":652,"column":0},"end":{"line":652,"column":null}},"99":{"start":{"line":656,"column":0},"end":{"line":656,"column":null}},"100":{"start":{"line":662,"column":0},"end":{"line":664,"column":null}},"101":{"start":{"line":663,"column":0},"end":{"line":663,"column":null}},"102":{"start":{"line":667,"column":0},"end":{"line":671,"column":null}},"103":{"start":{"line":675,"column":0},"end":{"line":677,"column":null}},"104":{"start":{"line":676,"column":0},"end":{"line":676,"column":null}},"105":{"start":{"line":680,"column":0},"end":{"line":680,"column":null}},"106":{"start":{"line":686,"column":0},"end":{"line":688,"column":null}},"107":{"start":{"line":687,"column":0},"end":{"line":687,"column":null}},"108":{"start":{"line":691,"column":0},"end":{"line":691,"column":null}},"109":{"start":{"line":697,"column":0},"end":{"line":699,"column":null}},"110":{"start":{"line":698,"column":0},"end":{"line":698,"column":null}},"111":{"start":{"line":702,"column":0},"end":{"line":702,"column":null}},"112":{"start":{"line":708,"column":0},"end":{"line":710,"column":null}},"113":{"start":{"line":709,"column":0},"end":{"line":709,"column":null}},"114":{"start":{"line":713,"column":0},"end":{"line":713,"column":null}},"115":{"start":{"line":719,"column":0},"end":{"line":721,"column":null}},"116":{"start":{"line":720,"column":0},"end":{"line":720,"column":null}},"117":{"start":{"line":726,"column":0},"end":{"line":728,"column":null}},"118":{"start":{"line":727,"column":0},"end":{"line":727,"column":null}},"119":{"start":{"line":730,"column":0},"end":{"line":731,"column":null}},"120":{"start":{"line":734,"column":0},"end":{"line":734,"column":null}},"121":{"start":{"line":752,"column":0},"end":{"line":752,"column":null}},"122":{"start":{"line":758,"column":0},"end":{"line":783,"column":null}},"123":{"start":{"line":760,"column":0},"end":{"line":766,"column":null}},"124":{"start":{"line":761,"column":0},"end":{"line":761,"column":null}},"125":{"start":{"line":762,"column":0},"end":{"line":765,"column":null}},"126":{"start":{"line":763,"column":0},"end":{"line":763,"column":null}},"127":{"start":{"line":764,"column":0},"end":{"line":764,"column":null}},"128":{"start":{"line":769,"column":0},"end":{"line":769,"column":null}},"129":{"start":{"line":770,"column":0},"end":{"line":782,"column":null}},"130":{"start":{"line":771,"column":0},"end":{"line":777,"column":null}},"131":{"start":{"line":772,"column":0},"end":{"line":772,"column":null}},"132":{"start":{"line":773,"column":0},"end":{"line":777,"column":null}},"133":{"start":{"line":774,"column":0},"end":{"line":774,"column":null}},"134":{"start":{"line":776,"column":0},"end":{"line":776,"column":null}},"135":{"start":{"line":778,"column":0},"end":{"line":782,"column":null}},"136":{"start":{"line":779,"column":0},"end":{"line":779,"column":null}},"137":{"start":{"line":781,"column":0},"end":{"line":781,"column":null}},"138":{"start":{"line":791,"column":0},"end":{"line":791,"column":null}},"139":{"start":{"line":792,"column":0},"end":{"line":799,"column":null}},"140":{"start":{"line":793,"column":0},"end":{"line":795,"column":null}},"141":{"start":{"line":794,"column":0},"end":{"line":794,"column":null}},"142":{"start":{"line":795,"column":0},"end":{"line":795,"column":null}},"143":{"start":{"line":798,"column":0},"end":{"line":798,"column":null}},"144":{"start":{"line":809,"column":0},"end":{"line":809,"column":null}},"145":{"start":{"line":810,"column":0},"end":{"line":810,"column":null}},"146":{"start":{"line":811,"column":0},"end":{"line":811,"column":null}},"147":{"start":{"line":812,"column":0},"end":{"line":812,"column":null}},"148":{"start":{"line":813,"column":0},"end":{"line":813,"column":null}},"149":{"start":{"line":814,"column":0},"end":{"line":814,"column":null}},"150":{"start":{"line":815,"column":0},"end":{"line":815,"column":null}},"151":{"start":{"line":817,"column":0},"end":{"line":851,"column":null}},"152":{"start":{"line":818,"column":0},"end":{"line":818,"column":null}},"153":{"start":{"line":819,"column":0},"end":{"line":819,"column":null}},"154":{"start":{"line":820,"column":0},"end":{"line":849,"column":null}},"155":{"start":{"line":822,"column":0},"end":{"line":822,"column":null}},"156":{"start":{"line":824,"column":0},"end":{"line":826,"column":null}},"157":{"start":{"line":825,"column":0},"end":{"line":825,"column":null}},"158":{"start":{"line":828,"column":0},"end":{"line":830,"column":null}},"159":{"start":{"line":829,"column":0},"end":{"line":829,"column":null}},"160":{"start":{"line":832,"column":0},"end":{"line":834,"column":null}},"161":{"start":{"line":833,"column":0},"end":{"line":833,"column":null}},"162":{"start":{"line":836,"column":0},"end":{"line":838,"column":null}},"163":{"start":{"line":837,"column":0},"end":{"line":837,"column":null}},"164":{"start":{"line":840,"column":0},"end":{"line":842,"column":null}},"165":{"start":{"line":841,"column":0},"end":{"line":841,"column":null}},"166":{"start":{"line":844,"column":0},"end":{"line":848,"column":null}},"167":{"start":{"line":845,"column":0},"end":{"line":845,"column":null}},"168":{"start":{"line":846,"column":0},"end":{"line":846,"column":null}},"169":{"start":{"line":847,"column":0},"end":{"line":847,"column":null}},"170":{"start":{"line":850,"column":0},"end":{"line":850,"column":null}},"171":{"start":{"line":852,"column":0},"end":{"line":852,"column":null}},"172":{"start":{"line":866,"column":0},"end":{"line":866,"column":null}},"173":{"start":{"line":868,"column":0},"end":{"line":868,"column":null}},"174":{"start":{"line":870,"column":0},"end":{"line":870,"column":null}},"175":{"start":{"line":872,"column":0},"end":{"line":872,"column":null}},"176":{"start":{"line":873,"column":0},"end":{"line":873,"column":null}},"177":{"start":{"line":874,"column":0},"end":{"line":874,"column":null}},"178":{"start":{"line":876,"column":0},"end":{"line":876,"column":null}},"179":{"start":{"line":877,"column":0},"end":{"line":877,"column":null}},"180":{"start":{"line":878,"column":0},"end":{"line":878,"column":null}},"181":{"start":{"line":879,"column":0},"end":{"line":879,"column":null}},"182":{"start":{"line":881,"column":0},"end":{"line":881,"column":null}},"183":{"start":{"line":883,"column":0},"end":{"line":930,"column":null}},"184":{"start":{"line":883,"column":0},"end":{"line":883,"column":null}},"185":{"start":{"line":885,"column":0},"end":{"line":929,"column":null}},"186":{"start":{"line":887,"column":0},"end":{"line":887,"column":null}},"187":{"start":{"line":888,"column":0},"end":{"line":888,"column":null}},"188":{"start":{"line":889,"column":0},"end":{"line":889,"column":null}},"189":{"start":{"line":892,"column":0},"end":{"line":926,"column":null}},"190":{"start":{"line":894,"column":0},"end":{"line":894,"column":null}},"191":{"start":{"line":895,"column":0},"end":{"line":895,"column":null}},"192":{"start":{"line":897,"column":0},"end":{"line":897,"column":null}},"193":{"start":{"line":899,"column":0},"end":{"line":901,"column":null}},"194":{"start":{"line":900,"column":0},"end":{"line":900,"column":null}},"195":{"start":{"line":902,"column":0},"end":{"line":906,"column":null}},"196":{"start":{"line":903,"column":0},"end":{"line":903,"column":null}},"197":{"start":{"line":904,"column":0},"end":{"line":906,"column":null}},"198":{"start":{"line":905,"column":0},"end":{"line":905,"column":null}},"199":{"start":{"line":908,"column":0},"end":{"line":910,"column":null}},"200":{"start":{"line":909,"column":0},"end":{"line":909,"column":null}},"201":{"start":{"line":912,"column":0},"end":{"line":914,"column":null}},"202":{"start":{"line":913,"column":0},"end":{"line":913,"column":null}},"203":{"start":{"line":916,"column":0},"end":{"line":918,"column":null}},"204":{"start":{"line":917,"column":0},"end":{"line":917,"column":null}},"205":{"start":{"line":919,"column":0},"end":{"line":921,"column":null}},"206":{"start":{"line":920,"column":0},"end":{"line":920,"column":null}},"207":{"start":{"line":925,"column":0},"end":{"line":925,"column":null}},"208":{"start":{"line":928,"column":0},"end":{"line":928,"column":null}},"209":{"start":{"line":932,"column":0},"end":{"line":934,"column":null}},"210":{"start":{"line":933,"column":0},"end":{"line":933,"column":null}},"211":{"start":{"line":950,"column":0},"end":{"line":950,"column":null}},"212":{"start":{"line":951,"column":0},"end":{"line":955,"column":null}},"213":{"start":{"line":951,"column":0},"end":{"line":951,"column":null}},"214":{"start":{"line":952,"column":0},"end":{"line":954,"column":null}},"215":{"start":{"line":953,"column":0},"end":{"line":953,"column":null}},"216":{"start":{"line":969,"column":0},"end":{"line":969,"column":null}},"217":{"start":{"line":970,"column":0},"end":{"line":970,"column":null}},"218":{"start":{"line":971,"column":0},"end":{"line":988,"column":null}},"219":{"start":{"line":973,"column":0},"end":{"line":973,"column":null}},"220":{"start":{"line":975,"column":0},"end":{"line":975,"column":null}},"221":{"start":{"line":976,"column":0},"end":{"line":988,"column":null}},"222":{"start":{"line":978,"column":0},"end":{"line":978,"column":null}},"223":{"start":{"line":980,"column":0},"end":{"line":980,"column":null}},"224":{"start":{"line":981,"column":0},"end":{"line":988,"column":null}},"225":{"start":{"line":983,"column":0},"end":{"line":983,"column":null}},"226":{"start":{"line":984,"column":0},"end":{"line":987,"column":null}},"227":{"start":{"line":986,"column":0},"end":{"line":986,"column":null}},"228":{"start":{"line":1002,"column":0},"end":{"line":1002,"column":null}},"229":{"start":{"line":1004,"column":0},"end":{"line":1004,"column":null}},"230":{"start":{"line":1005,"column":0},"end":{"line":1005,"column":null}},"231":{"start":{"line":1006,"column":0},"end":{"line":1006,"column":null}},"232":{"start":{"line":1008,"column":0},"end":{"line":1008,"column":null}},"233":{"start":{"line":1024,"column":0},"end":{"line":1026,"column":null}},"234":{"start":{"line":1024,"column":0},"end":{"line":1024,"column":null}},"235":{"start":{"line":1025,"column":0},"end":{"line":1025,"column":null}}},"fnMap":{"0":{"name":"(anonymous_1)","decl":{"start":{"line":249,"column":0},"end":{"line":249,"column":null}},"loc":{"start":{"line":249,"column":0},"end":{"line":329,"column":null}}},"1":{"name":"(anonymous_2)","decl":{"start":{"line":334,"column":0},"end":{"line":334,"column":null}},"loc":{"start":{"line":334,"column":0},"end":{"line":344,"column":null}}},"2":{"name":"(anonymous_3)","decl":{"start":{"line":355,"column":0},"end":{"line":355,"column":null}},"loc":{"start":{"line":355,"column":0},"end":{"line":361,"column":null}}},"3":{"name":"(anonymous_4)","decl":{"start":{"line":369,"column":0},"end":{"line":369,"column":null}},"loc":{"start":{"line":369,"column":0},"end":{"line":375,"column":null}}},"4":{"name":"(anonymous_5)","decl":{"start":{"line":385,"column":0},"end":{"line":385,"column":null}},"loc":{"start":{"line":385,"column":0},"end":{"line":391,"column":null}}},"5":{"name":"(anonymous_6)","decl":{"start":{"line":401,"column":0},"end":{"line":401,"column":null}},"loc":{"start":{"line":401,"column":0},"end":{"line":403,"column":null}}},"6":{"name":"(anonymous_7)","decl":{"start":{"line":414,"column":0},"end":{"line":414,"column":null}},"loc":{"start":{"line":414,"column":0},"end":{"line":427,"column":null}}},"7":{"name":"(anonymous_8)","decl":{"start":{"line":437,"column":0},"end":{"line":437,"column":null}},"loc":{"start":{"line":437,"column":0},"end":{"line":450,"column":null}}},"8":{"name":"(anonymous_9)","decl":{"start":{"line":457,"column":0},"end":{"line":457,"column":null}},"loc":{"start":{"line":457,"column":0},"end":{"line":476,"column":null}}},"9":{"name":"(anonymous_10)","decl":{"start":{"line":491,"column":0},"end":{"line":491,"column":null}},"loc":{"start":{"line":491,"column":0},"end":{"line":502,"column":null}}},"10":{"name":"(anonymous_11)","decl":{"start":{"line":507,"column":0},"end":{"line":507,"column":null}},"loc":{"start":{"line":507,"column":0},"end":{"line":517,"column":null}}},"11":{"name":"(anonymous_12)","decl":{"start":{"line":523,"column":0},"end":{"line":523,"column":null}},"loc":{"start":{"line":523,"column":0},"end":{"line":785,"column":null}}},"12":{"name":"(anonymous_13)","decl":{"start":{"line":758,"column":0},"end":{"line":758,"column":null}},"loc":{"start":{"line":758,"column":0},"end":{"line":767,"column":null}}},"13":{"name":"(anonymous_14)","decl":{"start":{"line":767,"column":0},"end":{"line":767,"column":null}},"loc":{"start":{"line":767,"column":0},"end":{"line":783,"column":null}}},"14":{"name":"(anonymous_15)","decl":{"start":{"line":790,"column":0},"end":{"line":790,"column":null}},"loc":{"start":{"line":790,"column":0},"end":{"line":800,"column":null}}},"15":{"name":"(anonymous_16)","decl":{"start":{"line":793,"column":0},"end":{"line":793,"column":null}},"loc":{"start":{"line":793,"column":0},"end":{"line":795,"column":null}}},"16":{"name":"(anonymous_17)","decl":{"start":{"line":795,"column":0},"end":{"line":795,"column":null}},"loc":{"start":{"line":795,"column":0},"end":{"line":795,"column":null}}},"17":{"name":"(anonymous_18)","decl":{"start":{"line":808,"column":0},"end":{"line":808,"column":null}},"loc":{"start":{"line":808,"column":0},"end":{"line":853,"column":null}}},"18":{"name":"(anonymous_19)","decl":{"start":{"line":864,"column":0},"end":{"line":864,"column":null}},"loc":{"start":{"line":864,"column":0},"end":{"line":936,"column":null}}},"19":{"name":"(anonymous_20)","decl":{"start":{"line":892,"column":0},"end":{"line":892,"column":null}},"loc":{"start":{"line":892,"column":0},"end":{"line":926,"column":null}}},"20":{"name":"(anonymous_21)","decl":{"start":{"line":932,"column":0},"end":{"line":932,"column":null}},"loc":{"start":{"line":932,"column":0},"end":{"line":934,"column":null}}},"21":{"name":"(anonymous_22)","decl":{"start":{"line":944,"column":0},"end":{"line":944,"column":null}},"loc":{"start":{"line":944,"column":0},"end":{"line":956,"column":null}}},"22":{"name":"(anonymous_23)","decl":{"start":{"line":964,"column":0},"end":{"line":964,"column":null}},"loc":{"start":{"line":964,"column":0},"end":{"line":989,"column":null}}},"23":{"name":"(anonymous_24)","decl":{"start":{"line":996,"column":0},"end":{"line":996,"column":null}},"loc":{"start":{"line":996,"column":0},"end":{"line":1009,"column":null}}},"24":{"name":"(anonymous_25)","decl":{"start":{"line":1018,"column":0},"end":{"line":1018,"column":null}},"loc":{"start":{"line":1018,"column":0},"end":{"line":1027,"column":null}}}},"branchMap":{"0":{"loc":{"start":{"line":335,"column":0},"end":{"line":343,"column":null}},"type":"if","locations":[{"start":{"line":335,"column":0},"end":{"line":343,"column":null}},{"start":{"line":335,"column":0},"end":{"line":343,"column":null}}]},"1":{"loc":{"start":{"line":357,"column":0},"end":{"line":359,"column":null}},"type":"if","locations":[{"start":{"line":357,"column":0},"end":{"line":359,"column":null}},{"start":{"line":357,"column":0},"end":{"line":359,"column":null}}]},"2":{"loc":{"start":{"line":370,"column":0},"end":{"line":374,"column":null}},"type":"if","locations":[{"start":{"line":370,"column":0},"end":{"line":374,"column":null}},{"start":{"line":370,"column":0},"end":{"line":374,"column":null}}]},"3":{"loc":{"start":{"line":387,"column":0},"end":{"line":389,"column":null}},"type":"if","locations":[{"start":{"line":387,"column":0},"end":{"line":389,"column":null}},{"start":{"line":387,"column":0},"end":{"line":389,"column":null}}]},"4":{"loc":{"start":{"line":387,"column":0},"end":{"line":387,"column":null}},"type":"binary-expr","locations":[{"start":{"line":387,"column":0},"end":{"line":387,"column":null}},{"start":{"line":387,"column":0},"end":{"line":387,"column":null}}]},"5":{"loc":{"start":{"line":402,"column":0},"end":{"line":402,"column":null}},"type":"binary-expr","locations":[{"start":{"line":402,"column":0},"end":{"line":402,"column":null}},{"start":{"line":402,"column":0},"end":{"line":402,"column":null}}]},"6":{"loc":{"start":{"line":417,"column":0},"end":{"line":426,"column":null}},"type":"if","locations":[{"start":{"line":417,"column":0},"end":{"line":426,"column":null}},{"start":{"line":417,"column":0},"end":{"line":426,"column":null}}]},"7":{"loc":{"start":{"line":442,"column":0},"end":{"line":448,"column":null}},"type":"if","locations":[{"start":{"line":442,"column":0},"end":{"line":448,"column":null}},{"start":{"line":442,"column":0},"end":{"line":448,"column":null}}]},"8":{"loc":{"start":{"line":444,"column":0},"end":{"line":447,"column":null}},"type":"if","locations":[{"start":{"line":444,"column":0},"end":{"line":447,"column":null}},{"start":{"line":444,"column":0},"end":{"line":447,"column":null}}]},"9":{"loc":{"start":{"line":444,"column":0},"end":{"line":444,"column":null}},"type":"binary-expr","locations":[{"start":{"line":444,"column":0},"end":{"line":444,"column":null}},{"start":{"line":444,"column":0},"end":{"line":444,"column":null}},{"start":{"line":444,"column":0},"end":{"line":444,"column":null}}]},"10":{"loc":{"start":{"line":467,"column":0},"end":{"line":469,"column":null}},"type":"if","locations":[{"start":{"line":467,"column":0},"end":{"line":469,"column":null}},{"start":{"line":467,"column":0},"end":{"line":469,"column":null}}]},"11":{"loc":{"start":{"line":471,"column":0},"end":{"line":473,"column":null}},"type":"if","locations":[{"start":{"line":471,"column":0},"end":{"line":473,"column":null}},{"start":{"line":471,"column":0},"end":{"line":473,"column":null}}]},"12":{"loc":{"start":{"line":491,"column":0},"end":{"line":491,"column":null}},"type":"default-arg","locations":[{"start":{"line":491,"column":0},"end":{"line":491,"column":null}}]},"13":{"loc":{"start":{"line":493,"column":0},"end":{"line":500,"column":null}},"type":"if","locations":[{"start":{"line":493,"column":0},"end":{"line":500,"column":null}},{"start":{"line":493,"column":0},"end":{"line":500,"column":null}}]},"14":{"loc":{"start":{"line":493,"column":0},"end":{"line":493,"column":null}},"type":"binary-expr","locations":[{"start":{"line":493,"column":0},"end":{"line":493,"column":null}},{"start":{"line":493,"column":0},"end":{"line":493,"column":null}}]},"15":{"loc":{"start":{"line":495,"column":0},"end":{"line":500,"column":null}},"type":"if","locations":[{"start":{"line":495,"column":0},"end":{"line":500,"column":null}},{"start":{"line":495,"column":0},"end":{"line":500,"column":null}}]},"16":{"loc":{"start":{"line":498,"column":0},"end":{"line":500,"column":null}},"type":"if","locations":[{"start":{"line":498,"column":0},"end":{"line":500,"column":null}},{"start":{"line":498,"column":0},"end":{"line":500,"column":null}}]},"17":{"loc":{"start":{"line":541,"column":0},"end":{"line":543,"column":null}},"type":"if","locations":[{"start":{"line":541,"column":0},"end":{"line":543,"column":null}},{"start":{"line":541,"column":0},"end":{"line":543,"column":null}}]},"18":{"loc":{"start":{"line":554,"column":0},"end":{"line":556,"column":null}},"type":"if","locations":[{"start":{"line":554,"column":0},"end":{"line":556,"column":null}},{"start":{"line":554,"column":0},"end":{"line":556,"column":null}}]},"19":{"loc":{"start":{"line":567,"column":0},"end":{"line":569,"column":null}},"type":"if","locations":[{"start":{"line":567,"column":0},"end":{"line":569,"column":null}},{"start":{"line":567,"column":0},"end":{"line":569,"column":null}}]},"20":{"loc":{"start":{"line":580,"column":0},"end":{"line":582,"column":null}},"type":"if","locations":[{"start":{"line":580,"column":0},"end":{"line":582,"column":null}},{"start":{"line":580,"column":0},"end":{"line":582,"column":null}}]},"21":{"loc":{"start":{"line":591,"column":0},"end":{"line":593,"column":null}},"type":"if","locations":[{"start":{"line":591,"column":0},"end":{"line":593,"column":null}},{"start":{"line":591,"column":0},"end":{"line":593,"column":null}}]},"22":{"loc":{"start":{"line":604,"column":0},"end":{"line":606,"column":null}},"type":"if","locations":[{"start":{"line":604,"column":0},"end":{"line":606,"column":null}},{"start":{"line":604,"column":0},"end":{"line":606,"column":null}}]},"23":{"loc":{"start":{"line":610,"column":0},"end":{"line":617,"column":null}},"type":"if","locations":[{"start":{"line":610,"column":0},"end":{"line":617,"column":null}},{"start":{"line":610,"column":0},"end":{"line":617,"column":null}}]},"24":{"loc":{"start":{"line":612,"column":0},"end":{"line":617,"column":null}},"type":"if","locations":[{"start":{"line":612,"column":0},"end":{"line":617,"column":null}},{"start":{"line":612,"column":0},"end":{"line":617,"column":null}}]},"25":{"loc":{"start":{"line":628,"column":0},"end":{"line":630,"column":null}},"type":"if","locations":[{"start":{"line":628,"column":0},"end":{"line":630,"column":null}},{"start":{"line":628,"column":0},"end":{"line":630,"column":null}}]},"26":{"loc":{"start":{"line":633,"column":0},"end":{"line":637,"column":null}},"type":"if","locations":[{"start":{"line":633,"column":0},"end":{"line":637,"column":null}},{"start":{"line":633,"column":0},"end":{"line":637,"column":null}}]},"27":{"loc":{"start":{"line":638,"column":0},"end":{"line":640,"column":null}},"type":"if","locations":[{"start":{"line":638,"column":0},"end":{"line":640,"column":null}},{"start":{"line":638,"column":0},"end":{"line":640,"column":null}}]},"28":{"loc":{"start":{"line":651,"column":0},"end":{"line":653,"column":null}},"type":"if","locations":[{"start":{"line":651,"column":0},"end":{"line":653,"column":null}},{"start":{"line":651,"column":0},"end":{"line":653,"column":null}}]},"29":{"loc":{"start":{"line":662,"column":0},"end":{"line":664,"column":null}},"type":"if","locations":[{"start":{"line":662,"column":0},"end":{"line":664,"column":null}},{"start":{"line":662,"column":0},"end":{"line":664,"column":null}}]},"30":{"loc":{"start":{"line":675,"column":0},"end":{"line":677,"column":null}},"type":"if","locations":[{"start":{"line":675,"column":0},"end":{"line":677,"column":null}},{"start":{"line":675,"column":0},"end":{"line":677,"column":null}}]},"31":{"loc":{"start":{"line":686,"column":0},"end":{"line":688,"column":null}},"type":"if","locations":[{"start":{"line":686,"column":0},"end":{"line":688,"column":null}},{"start":{"line":686,"column":0},"end":{"line":688,"column":null}}]},"32":{"loc":{"start":{"line":697,"column":0},"end":{"line":699,"column":null}},"type":"if","locations":[{"start":{"line":697,"column":0},"end":{"line":699,"column":null}},{"start":{"line":697,"column":0},"end":{"line":699,"column":null}}]},"33":{"loc":{"start":{"line":708,"column":0},"end":{"line":710,"column":null}},"type":"if","locations":[{"start":{"line":708,"column":0},"end":{"line":710,"column":null}},{"start":{"line":708,"column":0},"end":{"line":710,"column":null}}]},"34":{"loc":{"start":{"line":719,"column":0},"end":{"line":721,"column":null}},"type":"if","locations":[{"start":{"line":719,"column":0},"end":{"line":721,"column":null}},{"start":{"line":719,"column":0},"end":{"line":721,"column":null}}]},"35":{"loc":{"start":{"line":726,"column":0},"end":{"line":728,"column":null}},"type":"if","locations":[{"start":{"line":726,"column":0},"end":{"line":728,"column":null}},{"start":{"line":726,"column":0},"end":{"line":728,"column":null}}]},"36":{"loc":{"start":{"line":760,"column":0},"end":{"line":766,"column":null}},"type":"if","locations":[{"start":{"line":760,"column":0},"end":{"line":766,"column":null}},{"start":{"line":760,"column":0},"end":{"line":766,"column":null}}]},"37":{"loc":{"start":{"line":762,"column":0},"end":{"line":765,"column":null}},"type":"if","locations":[{"start":{"line":762,"column":0},"end":{"line":765,"column":null}},{"start":{"line":762,"column":0},"end":{"line":765,"column":null}}]},"38":{"loc":{"start":{"line":770,"column":0},"end":{"line":782,"column":null}},"type":"if","locations":[{"start":{"line":770,"column":0},"end":{"line":782,"column":null}},{"start":{"line":770,"column":0},"end":{"line":782,"column":null}}]},"39":{"loc":{"start":{"line":771,"column":0},"end":{"line":777,"column":null}},"type":"if","locations":[{"start":{"line":771,"column":0},"end":{"line":777,"column":null}},{"start":{"line":771,"column":0},"end":{"line":777,"column":null}}]},"40":{"loc":{"start":{"line":773,"column":0},"end":{"line":777,"column":null}},"type":"if","locations":[{"start":{"line":773,"column":0},"end":{"line":777,"column":null}},{"start":{"line":773,"column":0},"end":{"line":777,"column":null}}]},"41":{"loc":{"start":{"line":778,"column":0},"end":{"line":782,"column":null}},"type":"if","locations":[{"start":{"line":778,"column":0},"end":{"line":782,"column":null}},{"start":{"line":778,"column":0},"end":{"line":782,"column":null}}]},"42":{"loc":{"start":{"line":792,"column":0},"end":{"line":799,"column":null}},"type":"if","locations":[{"start":{"line":792,"column":0},"end":{"line":799,"column":null}},{"start":{"line":792,"column":0},"end":{"line":799,"column":null}}]},"43":{"loc":{"start":{"line":817,"column":0},"end":{"line":817,"column":null}},"type":"binary-expr","locations":[{"start":{"line":817,"column":0},"end":{"line":817,"column":null}},{"start":{"line":817,"column":0},"end":{"line":817,"column":null}}]},"44":{"loc":{"start":{"line":820,"column":0},"end":{"line":849,"column":null}},"type":"if","locations":[{"start":{"line":820,"column":0},"end":{"line":849,"column":null}},{"start":{"line":820,"column":0},"end":{"line":849,"column":null}}]},"45":{"loc":{"start":{"line":824,"column":0},"end":{"line":826,"column":null}},"type":"if","locations":[{"start":{"line":824,"column":0},"end":{"line":826,"column":null}},{"start":{"line":824,"column":0},"end":{"line":826,"column":null}}]},"46":{"loc":{"start":{"line":828,"column":0},"end":{"line":830,"column":null}},"type":"if","locations":[{"start":{"line":828,"column":0},"end":{"line":830,"column":null}},{"start":{"line":828,"column":0},"end":{"line":830,"column":null}}]},"47":{"loc":{"start":{"line":832,"column":0},"end":{"line":834,"column":null}},"type":"if","locations":[{"start":{"line":832,"column":0},"end":{"line":834,"column":null}},{"start":{"line":832,"column":0},"end":{"line":834,"column":null}}]},"48":{"loc":{"start":{"line":836,"column":0},"end":{"line":838,"column":null}},"type":"if","locations":[{"start":{"line":836,"column":0},"end":{"line":838,"column":null}},{"start":{"line":836,"column":0},"end":{"line":838,"column":null}}]},"49":{"loc":{"start":{"line":840,"column":0},"end":{"line":842,"column":null}},"type":"if","locations":[{"start":{"line":840,"column":0},"end":{"line":842,"column":null}},{"start":{"line":840,"column":0},"end":{"line":842,"column":null}}]},"50":{"loc":{"start":{"line":844,"column":0},"end":{"line":848,"column":null}},"type":"if","locations":[{"start":{"line":844,"column":0},"end":{"line":848,"column":null}},{"start":{"line":844,"column":0},"end":{"line":848,"column":null}}]},"51":{"loc":{"start":{"line":873,"column":0},"end":{"line":873,"column":null}},"type":"if","locations":[{"start":{"line":873,"column":0},"end":{"line":873,"column":null}},{"start":{"line":873,"column":0},"end":{"line":873,"column":null}}]},"52":{"loc":{"start":{"line":885,"column":0},"end":{"line":929,"column":null}},"type":"if","locations":[{"start":{"line":885,"column":0},"end":{"line":929,"column":null}},{"start":{"line":885,"column":0},"end":{"line":929,"column":null}}]},"53":{"loc":{"start":{"line":885,"column":0},"end":{"line":885,"column":null}},"type":"binary-expr","locations":[{"start":{"line":885,"column":0},"end":{"line":885,"column":null}},{"start":{"line":885,"column":0},"end":{"line":885,"column":null}}]},"54":{"loc":{"start":{"line":899,"column":0},"end":{"line":901,"column":null}},"type":"if","locations":[{"start":{"line":899,"column":0},"end":{"line":901,"column":null}},{"start":{"line":899,"column":0},"end":{"line":901,"column":null}}]},"55":{"loc":{"start":{"line":902,"column":0},"end":{"line":906,"column":null}},"type":"if","locations":[{"start":{"line":902,"column":0},"end":{"line":906,"column":null}},{"start":{"line":902,"column":0},"end":{"line":906,"column":null}}]},"56":{"loc":{"start":{"line":902,"column":0},"end":{"line":902,"column":null}},"type":"binary-expr","locations":[{"start":{"line":902,"column":0},"end":{"line":902,"column":null}},{"start":{"line":902,"column":0},"end":{"line":902,"column":null}}]},"57":{"loc":{"start":{"line":904,"column":0},"end":{"line":906,"column":null}},"type":"if","locations":[{"start":{"line":904,"column":0},"end":{"line":906,"column":null}},{"start":{"line":904,"column":0},"end":{"line":906,"column":null}}]},"58":{"loc":{"start":{"line":908,"column":0},"end":{"line":910,"column":null}},"type":"if","locations":[{"start":{"line":908,"column":0},"end":{"line":910,"column":null}},{"start":{"line":908,"column":0},"end":{"line":910,"column":null}}]},"59":{"loc":{"start":{"line":912,"column":0},"end":{"line":914,"column":null}},"type":"if","locations":[{"start":{"line":912,"column":0},"end":{"line":914,"column":null}},{"start":{"line":912,"column":0},"end":{"line":914,"column":null}}]},"60":{"loc":{"start":{"line":916,"column":0},"end":{"line":918,"column":null}},"type":"if","locations":[{"start":{"line":916,"column":0},"end":{"line":918,"column":null}},{"start":{"line":916,"column":0},"end":{"line":918,"column":null}}]},"61":{"loc":{"start":{"line":919,"column":0},"end":{"line":921,"column":null}},"type":"if","locations":[{"start":{"line":919,"column":0},"end":{"line":921,"column":null}},{"start":{"line":919,"column":0},"end":{"line":921,"column":null}}]},"62":{"loc":{"start":{"line":952,"column":0},"end":{"line":954,"column":null}},"type":"if","locations":[{"start":{"line":952,"column":0},"end":{"line":954,"column":null}},{"start":{"line":952,"column":0},"end":{"line":954,"column":null}}]},"63":{"loc":{"start":{"line":952,"column":0},"end":{"line":952,"column":null}},"type":"binary-expr","locations":[{"start":{"line":952,"column":0},"end":{"line":952,"column":null}},{"start":{"line":952,"column":0},"end":{"line":952,"column":null}}]},"64":{"loc":{"start":{"line":970,"column":0},"end":{"line":970,"column":null}},"type":"if","locations":[{"start":{"line":970,"column":0},"end":{"line":970,"column":null}},{"start":{"line":970,"column":0},"end":{"line":970,"column":null}}]},"65":{"loc":{"start":{"line":971,"column":0},"end":{"line":988,"column":null}},"type":"if","locations":[{"start":{"line":971,"column":0},"end":{"line":988,"column":null}},{"start":{"line":971,"column":0},"end":{"line":988,"column":null}}]},"66":{"loc":{"start":{"line":976,"column":0},"end":{"line":988,"column":null}},"type":"if","locations":[{"start":{"line":976,"column":0},"end":{"line":988,"column":null}},{"start":{"line":976,"column":0},"end":{"line":988,"column":null}}]},"67":{"loc":{"start":{"line":981,"column":0},"end":{"line":988,"column":null}},"type":"if","locations":[{"start":{"line":981,"column":0},"end":{"line":988,"column":null}},{"start":{"line":981,"column":0},"end":{"line":988,"column":null}}]},"68":{"loc":{"start":{"line":984,"column":0},"end":{"line":987,"column":null}},"type":"if","locations":[{"start":{"line":984,"column":0},"end":{"line":987,"column":null}},{"start":{"line":984,"column":0},"end":{"line":987,"column":null}}]},"69":{"loc":{"start":{"line":986,"column":0},"end":{"line":986,"column":null}},"type":"if","locations":[{"start":{"line":986,"column":0},"end":{"line":986,"column":null}},{"start":{"line":986,"column":0},"end":{"line":986,"column":null}}]},"70":{"loc":{"start":{"line":1002,"column":0},"end":{"line":1002,"column":null}},"type":"if","locations":[{"start":{"line":1002,"column":0},"end":{"line":1002,"column":null}},{"start":{"line":1002,"column":0},"end":{"line":1002,"column":null}}]},"71":{"loc":{"start":{"line":1005,"column":0},"end":{"line":1005,"column":null}},"type":"if","locations":[{"start":{"line":1005,"column":0},"end":{"line":1005,"column":null}},{"start":{"line":1005,"column":0},"end":{"line":1005,"column":null}}]},"72":{"loc":{"start":{"line":1006,"column":0},"end":{"line":1006,"column":null}},"type":"if","locations":[{"start":{"line":1006,"column":0},"end":{"line":1006,"column":null}},{"start":{"line":1006,"column":0},"end":{"line":1006,"column":null}}]}},"s":{"0":1,"1":1,"2":1,"3":0,"4":0,"5":0,"6":0,"7":0,"8":0,"9":0,"10":0,"11":0,"12":0,"13":0,"14":0,"15":0,"16":0,"17":72,"18":10,"19":10,"20":4,"21":4,"22":6,"23":10,"24":10,"25":10,"26":10,"27":4,"28":4,"29":4,"30":4,"31":6,"32":3,"33":3,"34":3,"35":3,"36":3,"37":3,"38":3,"39":3,"40":3,"41":0,"42":3,"43":91,"44":91,"45":7,"46":84,"47":16,"48":68,"49":15,"50":91,"51":0,"52":0,"53":0,"54":0,"55":0,"56":0,"57":0,"58":0,"59":0,"60":0,"61":0,"62":0,"63":0,"64":0,"65":0,"66":0,"67":0,"68":0,"69":0,"70":0,"71":0,"72":0,"73":0,"74":0,"75":0,"76":0,"77":0,"78":0,"79":0,"80":0,"81":0,"82":0,"83":0,"84":0,"85":0,"86":0,"87":0,"88":0,"89":0,"90":0,"91":0,"92":0,"93":0,"94":0,"95":0,"96":0,"97":0,"98":0,"99":0,"100":0,"101":0,"102":0,"103":0,"104":0,"105":0,"106":0,"107":0,"108":0,"109":0,"110":0,"111":0,"112":0,"113":0,"114":0,"115":0,"116":0,"117":0,"118":0,"119":0,"120":0,"121":0,"122":0,"123":0,"124":0,"125":0,"126":0,"127":0,"128":0,"129":0,"130":0,"131":0,"132":0,"133":0,"134":0,"135":0,"136":0,"137":0,"138":0,"139":0,"140":0,"141":0,"142":0,"143":0,"144":0,"145":0,"146":0,"147":0,"148":0,"149":0,"150":0,"151":0,"152":0,"153":0,"154":0,"155":0,"156":0,"157":0,"158":0,"159":0,"160":0,"161":0,"162":0,"163":0,"164":0,"165":0,"166":0,"167":0,"168":0,"169":0,"170":0,"171":0,"172":0,"173":0,"174":0,"175":0,"176":0,"177":0,"178":0,"179":0,"180":0,"181":0,"182":0,"183":0,"184":0,"185":0,"186":0,"187":0,"188":0,"189":0,"190":0,"191":0,"192":0,"193":0,"194":0,"195":0,"196":0,"197":0,"198":0,"199":0,"200":0,"201":0,"202":0,"203":0,"204":0,"205":0,"206":0,"207":0,"208":0,"209":0,"210":0,"211":0,"212":0,"213":0,"214":0,"215":0,"216":0,"217":0,"218":0,"219":0,"220":0,"221":0,"222":0,"223":0,"224":0,"225":0,"226":0,"227":0,"228":0,"229":0,"230":0,"231":0,"232":0,"233":0,"234":0,"235":0},"f":{"0":0,"1":0,"2":0,"3":0,"4":0,"5":72,"6":10,"7":10,"8":3,"9":91,"10":0,"11":0,"12":0,"13":0,"14":0,"15":0,"16":0,"17":0,"18":0,"19":0,"20":0,"21":0,"22":0,"23":0,"24":0},"b":{"0":[0,0],"1":[0,0],"2":[0,0],"3":[0,0],"4":[0,0],"5":[72,64],"6":[4,6],"7":[4,6],"8":[4,0],"9":[4,4,4],"10":[3,0],"11":[0,3],"12":[64],"13":[7,84],"14":[91,13],"15":[16,68],"16":[15,53],"17":[0,0],"18":[0,0],"19":[0,0],"20":[0,0],"21":[0,0],"22":[0,0],"23":[0,0],"24":[0,0],"25":[0,0],"26":[0,0],"27":[0,0],"28":[0,0],"29":[0,0],"30":[0,0],"31":[0,0],"32":[0,0],"33":[0,0],"34":[0,0],"35":[0,0],"36":[0,0],"37":[0,0],"38":[0,0],"39":[0,0],"40":[0,0],"41":[0,0],"42":[0,0],"43":[0,0],"44":[0,0],"45":[0,0],"46":[0,0],"47":[0,0],"48":[0,0],"49":[0,0],"50":[0,0],"51":[0,0],"52":[0,0],"53":[0,0],"54":[0,0],"55":[0,0],"56":[0,0],"57":[0,0],"58":[0,0],"59":[0,0],"60":[0,0],"61":[0,0],"62":[0,0],"63":[0,0],"64":[0,0],"65":[0,0],"66":[0,0],"67":[0,0],"68":[0,0],"69":[0,0],"70":[0,0],"71":[0,0],"72":[0,0]}}
}
