TN:
SF:src\Api.js
FN:152,(anonymous_0)
FN:173,(anonymous_1)
FN:175,(anonymous_2)
FN:177,(anonymous_3)
FNF:4
FNH:0
FNDA:0,(anonymous_0)
FNDA:0,(anonymous_1)
FNDA:0,(anonymous_2)
FNDA:0,(anonymous_3)
DA:33,1
DA:35,1
DA:43,1
DA:153,0
DA:173,0
DA:175,0
DA:179,0
LF:7
LH:3
BRF:0
BRH:0
end_of_record
TN:
SF:src\addressInstance.js
FN:9,(anonymous_0)
FNF:1
FNH:0
FNDA:0,(anonymous_0)
DA:3,1
DA:10,0
LF:2
LH:1
BRF:0
BRH:0
end_of_record
TN:
SF:src\views\Registration.vue
FN:249,(anonymous_1)
FN:334,(anonymous_2)
FN:355,(anonymous_3)
FN:369,(anonymous_4)
FN:385,(anonymous_5)
FN:401,(anonymous_6)
FN:414,(anonymous_7)
FN:437,(anonymous_8)
FN:457,(anonymous_9)
FN:491,(anonymous_10)
FN:507,(anonymous_11)
FN:523,(anonymous_12)
FN:758,(anonymous_13)
FN:767,(anonymous_14)
FN:790,(anonymous_15)
FN:793,(anonymous_16)
FN:795,(anonymous_17)
FN:808,(anonymous_18)
FN:864,(anonymous_19)
FN:892,(anonymous_20)
FN:932,(anonymous_21)
FN:944,(anonymous_22)
FN:964,(anonymous_23)
FN:996,(anonymous_24)
FN:1018,(anonymous_25)
FNF:25
FNH:5
FNDA:0,(anonymous_1)
FNDA:0,(anonymous_2)
FNDA:0,(anonymous_3)
FNDA:0,(anonymous_4)
FNDA:0,(anonymous_5)
FNDA:72,(anonymous_6)
FNDA:10,(anonymous_7)
FNDA:10,(anonymous_8)
FNDA:3,(anonymous_9)
FNDA:91,(anonymous_10)
FNDA:0,(anonymous_11)
FNDA:0,(anonymous_12)
FNDA:0,(anonymous_13)
FNDA:0,(anonymous_14)
FNDA:0,(anonymous_15)
FNDA:0,(anonymous_16)
FNDA:0,(anonymous_17)
FNDA:0,(anonymous_18)
FNDA:0,(anonymous_19)
FNDA:0,(anonymous_20)
FNDA:0,(anonymous_21)
FNDA:0,(anonymous_22)
FNDA:0,(anonymous_23)
FNDA:0,(anonymous_24)
FNDA:0,(anonymous_25)
DA:240,1
DA:241,1
DA:242,1
DA:250,0
DA:335,0
DA:336,0
DA:356,0
DA:357,0
DA:358,0
DA:360,0
DA:370,0
DA:371,0
DA:373,0
DA:386,0
DA:387,0
DA:388,0
DA:390,0
DA:402,72
DA:415,10
DA:417,10
DA:418,4
DA:419,4
DA:425,6
DA:438,10
DA:439,10
DA:440,10
DA:442,10
DA:443,4
DA:444,4
DA:445,4
DA:446,4
DA:449,6
DA:458,3
DA:459,3
DA:461,3
DA:463,3
DA:464,3
DA:465,3
DA:467,3
DA:468,3
DA:471,3
DA:472,0
DA:475,3
DA:492,91
DA:493,91
DA:494,7
DA:495,84
DA:497,16
DA:498,68
DA:499,15
DA:501,91
DA:508,0
DA:509,0
DA:510,0
DA:511,0
DA:512,0
DA:513,0
DA:514,0
DA:515,0
DA:516,0
DA:525,0
DA:526,0
DA:527,0
DA:533,0
DA:541,0
DA:542,0
DA:546,0
DA:554,0
DA:555,0
DA:559,0
DA:567,0
DA:568,0
DA:572,0
DA:580,0
DA:581,0
DA:585,0
DA:591,0
DA:592,0
DA:596,0
DA:604,0
DA:605,0
DA:609,0
DA:610,0
DA:611,0
DA:612,0
DA:613,0
DA:615,0
DA:616,0
DA:620,0
DA:628,0
DA:629,0
DA:633,0
DA:634,0
DA:636,0
DA:638,0
DA:639,0
DA:643,0
DA:651,0
DA:652,0
DA:656,0
DA:662,0
DA:663,0
DA:667,0
DA:675,0
DA:676,0
DA:680,0
DA:686,0
DA:687,0
DA:691,0
DA:697,0
DA:698,0
DA:702,0
DA:708,0
DA:709,0
DA:713,0
DA:719,0
DA:720,0
DA:726,0
DA:727,0
DA:730,0
DA:734,0
DA:752,0
DA:758,0
DA:760,0
DA:761,0
DA:762,0
DA:763,0
DA:764,0
DA:769,0
DA:770,0
DA:771,0
DA:772,0
DA:773,0
DA:774,0
DA:776,0
DA:778,0
DA:779,0
DA:781,0
DA:791,0
DA:792,0
DA:793,0
DA:794,0
DA:795,0
DA:798,0
DA:809,0
DA:810,0
DA:811,0
DA:812,0
DA:813,0
DA:814,0
DA:815,0
DA:817,0
DA:818,0
DA:819,0
DA:820,0
DA:822,0
DA:824,0
DA:825,0
DA:828,0
DA:829,0
DA:832,0
DA:833,0
DA:836,0
DA:837,0
DA:840,0
DA:841,0
DA:844,0
DA:845,0
DA:846,0
DA:847,0
DA:850,0
DA:852,0
DA:866,0
DA:868,0
DA:870,0
DA:872,0
DA:873,0
DA:874,0
DA:876,0
DA:877,0
DA:878,0
DA:879,0
DA:881,0
DA:883,0
DA:885,0
DA:887,0
DA:888,0
DA:889,0
DA:892,0
DA:894,0
DA:895,0
DA:897,0
DA:899,0
DA:900,0
DA:902,0
DA:903,0
DA:904,0
DA:905,0
DA:908,0
DA:909,0
DA:912,0
DA:913,0
DA:916,0
DA:917,0
DA:919,0
DA:920,0
DA:925,0
DA:928,0
DA:932,0
DA:933,0
DA:950,0
DA:951,0
DA:952,0
DA:953,0
DA:969,0
DA:970,0
DA:971,0
DA:973,0
DA:975,0
DA:976,0
DA:978,0
DA:980,0
DA:981,0
DA:983,0
DA:984,0
DA:986,0
DA:1002,0
DA:1004,0
DA:1005,0
DA:1006,0
DA:1008,0
DA:1024,0
DA:1025,0
LF:233
LH:36
BRDA:335,0,0,0
BRDA:335,0,1,0
BRDA:357,1,0,0
BRDA:357,1,1,0
BRDA:370,2,0,0
BRDA:370,2,1,0
BRDA:387,3,0,0
BRDA:387,3,1,0
BRDA:387,4,0,0
BRDA:387,4,1,0
BRDA:402,5,0,72
BRDA:402,5,1,64
BRDA:417,6,0,4
BRDA:417,6,1,6
BRDA:442,7,0,4
BRDA:442,7,1,6
BRDA:444,8,0,4
BRDA:444,8,1,0
BRDA:444,9,0,4
BRDA:444,9,1,4
BRDA:444,9,2,4
BRDA:467,10,0,3
BRDA:467,10,1,0
BRDA:471,11,0,0
BRDA:471,11,1,3
BRDA:491,12,0,64
BRDA:493,13,0,7
BRDA:493,13,1,84
BRDA:493,14,0,91
BRDA:493,14,1,13
BRDA:495,15,0,16
BRDA:495,15,1,68
BRDA:498,16,0,15
BRDA:498,16,1,53
BRDA:541,17,0,0
BRDA:541,17,1,0
BRDA:554,18,0,0
BRDA:554,18,1,0
BRDA:567,19,0,0
BRDA:567,19,1,0
BRDA:580,20,0,0
BRDA:580,20,1,0
BRDA:591,21,0,0
BRDA:591,21,1,0
BRDA:604,22,0,0
BRDA:604,22,1,0
BRDA:610,23,0,0
BRDA:610,23,1,0
BRDA:612,24,0,0
BRDA:612,24,1,0
BRDA:628,25,0,0
BRDA:628,25,1,0
BRDA:633,26,0,0
BRDA:633,26,1,0
BRDA:638,27,0,0
BRDA:638,27,1,0
BRDA:651,28,0,0
BRDA:651,28,1,0
BRDA:662,29,0,0
BRDA:662,29,1,0
BRDA:675,30,0,0
BRDA:675,30,1,0
BRDA:686,31,0,0
BRDA:686,31,1,0
BRDA:697,32,0,0
BRDA:697,32,1,0
BRDA:708,33,0,0
BRDA:708,33,1,0
BRDA:719,34,0,0
BRDA:719,34,1,0
BRDA:726,35,0,0
BRDA:726,35,1,0
BRDA:760,36,0,0
BRDA:760,36,1,0
BRDA:762,37,0,0
BRDA:762,37,1,0
BRDA:770,38,0,0
BRDA:770,38,1,0
BRDA:771,39,0,0
BRDA:771,39,1,0
BRDA:773,40,0,0
BRDA:773,40,1,0
BRDA:778,41,0,0
BRDA:778,41,1,0
BRDA:792,42,0,0
BRDA:792,42,1,0
BRDA:817,43,0,0
BRDA:817,43,1,0
BRDA:820,44,0,0
BRDA:820,44,1,0
BRDA:824,45,0,0
BRDA:824,45,1,0
BRDA:828,46,0,0
BRDA:828,46,1,0
BRDA:832,47,0,0
BRDA:832,47,1,0
BRDA:836,48,0,0
BRDA:836,48,1,0
BRDA:840,49,0,0
BRDA:840,49,1,0
BRDA:844,50,0,0
BRDA:844,50,1,0
BRDA:873,51,0,0
BRDA:873,51,1,0
BRDA:885,52,0,0
BRDA:885,52,1,0
BRDA:885,53,0,0
BRDA:885,53,1,0
BRDA:899,54,0,0
BRDA:899,54,1,0
BRDA:902,55,0,0
BRDA:902,55,1,0
BRDA:902,56,0,0
BRDA:902,56,1,0
BRDA:904,57,0,0
BRDA:904,57,1,0
BRDA:908,58,0,0
BRDA:908,58,1,0
BRDA:912,59,0,0
BRDA:912,59,1,0
BRDA:916,60,0,0
BRDA:916,60,1,0
BRDA:919,61,0,0
BRDA:919,61,1,0
BRDA:952,62,0,0
BRDA:952,62,1,0
BRDA:952,63,0,0
BRDA:952,63,1,0
BRDA:970,64,0,0
BRDA:970,64,1,0
BRDA:971,65,0,0
BRDA:971,65,1,0
BRDA:976,66,0,0
BRDA:976,66,1,0
BRDA:981,67,0,0
BRDA:981,67,1,0
BRDA:984,68,0,0
BRDA:984,68,1,0
BRDA:986,69,0,0
BRDA:986,69,1,0
BRDA:1002,70,0,0
BRDA:1002,70,1,0
BRDA:1005,71,0,0
BRDA:1005,71,1,0
BRDA:1006,72,0,0
BRDA:1006,72,1,0
BRF:146
BRH:21
end_of_record
